TN:
SF:babel.config.cjs
FN:1,(empty-report)
FNF:1
FNH:0
FNDA:0,(empty-report)
DA:1,0
DA:2,0
DA:3,0
DA:4,0
DA:5,0
DA:6,0
LF:6
LH:0
BRDA:1,0,0,0
BRF:1
BRH:0
end_of_record
TN:
SF:eslint.config.js
FN:1,(empty-report)
FNF:1
FNH:0
FNDA:0,(empty-report)
DA:1,0
DA:2,0
DA:3,0
DA:4,0
DA:5,0
DA:6,0
DA:7,0
DA:8,0
DA:9,0
DA:10,0
DA:11,0
DA:12,0
DA:13,0
DA:14,0
DA:15,0
DA:16,0
DA:17,0
DA:18,0
DA:19,0
DA:20,0
DA:21,0
DA:22,0
DA:23,0
DA:24,0
DA:25,0
DA:26,0
DA:27,0
DA:28,0
DA:29,0
LF:29
LH:0
BRDA:1,0,0,0
BRF:1
BRH:0
end_of_record
TN:
SF:jest.config.cjs
FN:1,(empty-report)
FNF:1
FNH:0
FNDA:0,(empty-report)
DA:1,0
DA:2,0
DA:3,0
DA:4,0
DA:5,0
DA:6,0
DA:7,0
DA:8,0
LF:8
LH:0
BRDA:1,0,0,0
BRF:1
BRH:0
end_of_record
TN:
SF:postcss.config.js
FN:1,(empty-report)
FNF:1
FNH:0
FNDA:0,(empty-report)
DA:1,0
DA:2,0
DA:3,0
DA:4,0
DA:5,0
DA:6,0
LF:6
LH:0
BRDA:1,0,0,0
BRF:1
BRH:0
end_of_record
TN:
SF:tailwind.config.js
FN:1,(empty-report)
FNF:1
FNH:0
FNDA:0,(empty-report)
DA:1,0
DA:2,0
DA:3,0
DA:4,0
DA:5,0
DA:6,0
DA:7,0
DA:8,0
DA:9,0
DA:10,0
DA:11,0
LF:11
LH:0
BRDA:1,0,0,0
BRF:1
BRH:0
end_of_record
TN:
SF:vite.config.js
FN:1,(empty-report)
FNF:1
FNH:0
FNDA:0,(empty-report)
DA:1,0
DA:2,0
DA:3,0
DA:4,0
DA:5,0
DA:6,0
DA:7,0
DA:8,0
DA:9,0
DA:10,0
DA:11,0
DA:12,0
DA:13,0
DA:14,0
DA:15,0
DA:16,0
DA:17,0
DA:18,0
DA:19,0
DA:20,0
DA:21,0
LF:21
LH:0
BRDA:1,0,0,0
BRF:1
BRH:0
end_of_record
TN:
SF:src\Admin.jsx
FN:9,apiFetch
FN:34,Admin
FN:53,loadData
FN:62,fetchProducts
FN:67,fetchOrders
FN:72,saveProduct
FN:112,deleteProduct
FN:124,startEdit
FN:135,cancelEdit
FN:147,onClick
FN:153,onClick
FN:180,onChange
FN:189,onChange
FN:197,onChange
FN:205,onChange
FN:213,onChange
FN:268,onClick
FN:274,onClick
FNF:18
FNH:14
FNDA:10,apiFetch
FNDA:51,Admin
FNDA:3,loadData
FNDA:5,fetchProducts
FNDA:3,fetchOrders
FNDA:1,saveProduct
FNDA:1,deleteProduct
FNDA:0,startEdit
FNDA:0,cancelEdit
FNDA:0,onClick
FNDA:1,onClick
FNDA:15,onChange
FNDA:3,onChange
FNDA:4,onChange
FNDA:1,onChange
FNDA:15,onChange
FNDA:0,onClick
FNDA:1,onClick
DA:5,1
DA:7,1
DA:9,10
DA:10,10
DA:11,10
DA:12,10
DA:13,10
DA:14,10
DA:15,10
DA:17,10
DA:18,10
DA:19,10
DA:20,10
DA:21,10
DA:22,0
DA:23,0
DA:25,10
DA:26,10
DA:27,10
DA:28,10
DA:29,0
DA:30,0
DA:31,0
DA:32,10
DA:34,51
DA:35,51
DA:36,51
DA:37,51
DA:38,51
DA:39,51
DA:40,51
DA:41,51
DA:42,51
DA:43,51
DA:44,51
DA:45,51
DA:46,51
DA:47,51
DA:49,51
DA:50,3
DA:51,51
DA:53,51
DA:54,3
DA:55,3
DA:56,3
DA:57,3
DA:58,0
DA:59,0
DA:60,3
DA:62,51
DA:63,5
DA:64,5
DA:65,5
DA:67,51
DA:68,3
DA:69,3
DA:70,3
DA:72,51
DA:73,1
DA:74,1
DA:75,1
DA:77,1
DA:78,1
DA:79,1
DA:80,1
DA:81,1
DA:82,1
DA:83,1
DA:84,1
DA:86,1
DA:87,0
DA:88,0
DA:90,1
DA:91,1
DA:92,0
DA:93,1
DA:95,1
DA:96,1
DA:97,1
DA:98,1
DA:100,1
DA:101,1
DA:102,1
DA:103,1
DA:104,1
DA:105,0
DA:106,0
DA:107,1
DA:108,1
DA:109,1
DA:110,1
DA:112,51
DA:113,1
DA:114,1
DA:115,1
DA:116,1
DA:117,1
DA:118,1
DA:119,0
DA:120,0
DA:121,0
DA:122,1
DA:124,51
DA:125,0
DA:126,0
DA:127,0
DA:128,0
DA:129,0
DA:130,0
DA:131,0
DA:132,0
DA:133,0
DA:135,51
DA:136,0
DA:137,0
DA:138,0
DA:140,51
DA:141,51
DA:142,51
DA:143,51
DA:144,51
DA:145,51
DA:146,51
DA:147,51
DA:148,51
DA:150,51
DA:151,51
DA:152,51
DA:153,51
DA:154,51
DA:156,51
DA:157,51
DA:158,51
DA:160,51
DA:161,0
DA:162,0
DA:163,0
DA:166,51
DA:167,50
DA:169,50
DA:170,50
DA:171,50
DA:172,50
DA:174,50
DA:175,50
DA:176,50
DA:177,50
DA:178,50
DA:179,50
DA:180,50
DA:181,50
DA:182,50
DA:183,50
DA:184,50
DA:185,50
DA:186,50
DA:187,50
DA:188,50
DA:189,50
DA:190,50
DA:191,50
DA:192,50
DA:193,50
DA:194,50
DA:195,50
DA:196,50
DA:197,50
DA:198,50
DA:199,50
DA:200,50
DA:201,50
DA:202,50
DA:203,50
DA:204,50
DA:205,50
DA:206,50
DA:207,50
DA:208,50
DA:209,50
DA:210,50
DA:211,50
DA:212,50
DA:213,50
DA:214,50
DA:215,50
DA:217,50
DA:218,50
DA:219,50
DA:220,50
DA:221,50
DA:223,50
DA:224,50
DA:225,50
DA:226,0
DA:227,0
DA:228,0
DA:229,0
DA:230,0
DA:232,0
DA:234,50
DA:235,50
DA:238,50
DA:239,50
DA:240,50
DA:241,50
DA:242,50
DA:243,50
DA:244,50
DA:246,50
DA:247,50
DA:248,50
DA:249,50
DA:250,50
DA:251,50
DA:252,50
DA:253,50
DA:254,50
DA:255,50
DA:256,50
DA:257,50
DA:258,50
DA:259,50
DA:260,50
DA:261,47
DA:262,47
DA:263,47
DA:264,47
DA:265,47
DA:266,47
DA:267,47
DA:268,47
DA:269,47
DA:270,47
DA:272,47
DA:273,47
DA:274,47
DA:275,47
DA:276,47
DA:278,47
DA:279,47
DA:280,47
DA:281,50
DA:282,50
DA:283,50
DA:284,50
DA:285,50
DA:286,50
DA:289,51
DA:290,1
DA:291,1
DA:292,1
DA:293,1
DA:294,1
DA:295,1
DA:296,1
DA:297,1
DA:298,1
DA:299,1
DA:300,1
DA:301,1
DA:302,1
DA:303,1
DA:304,1
DA:305,1
DA:306,1
DA:307,1
DA:308,1
DA:309,1
DA:310,1
DA:311,1
DA:312,1
DA:313,1
DA:314,1
DA:315,1
DA:316,1
DA:317,1
DA:318,1
DA:319,1
DA:320,1
DA:321,1
DA:322,1
DA:323,1
DA:324,1
DA:326,51
DA:328,51
LF:285
LH:249
BRDA:9,0,0,10
BRDA:20,1,0,0
BRDA:21,2,0,0
BRDA:25,3,0,8
BRDA:26,4,0,0
BRDA:28,5,0,0
BRDA:34,6,0,51
BRDA:146,7,0,50
BRDA:146,8,0,1
BRDA:152,9,0,1
BRDA:152,10,0,50
BRDA:160,11,0,0
BRDA:166,12,0,50
BRDA:171,13,0,0
BRDA:223,14,0,2
BRDA:223,15,0,48
BRDA:223,16,0,0
BRDA:225,17,0,0
BRDA:289,18,0,1
BRDA:49,19,0,3
BRDA:53,20,0,3
BRDA:57,21,0,0
BRDA:62,22,0,5
BRDA:64,23,0,0
BRDA:67,24,0,3
BRDA:69,25,0,0
BRDA:72,26,0,1
BRDA:79,27,0,0
BRDA:80,28,0,0
BRDA:81,29,0,0
BRDA:82,30,0,0
BRDA:83,31,0,0
BRDA:86,32,0,0
BRDA:90,33,0,0
BRDA:91,34,0,0
BRDA:103,35,0,0
BRDA:104,36,0,0
BRDA:112,37,0,1
BRDA:113,38,0,0
BRDA:118,39,0,0
BRDA:153,40,0,1
BRDA:180,41,0,15
BRDA:189,42,0,3
BRDA:197,43,0,4
BRDA:205,44,0,1
BRDA:213,45,0,15
BRDA:260,46,0,47
BRDA:274,47,0,1
BRDA:303,48,0,1
BRF:49
BRH:26
end_of_record
TN:
SF:src\App.jsx
FN:10,useLocalStorage
FN:27,App
FN:38,fetchProducts
FN:59,addToCart
FN:78,updateQty
FN:84,removeFromCart
FN:88,clearCart
FN:93,proceedCheckout
FN:125,onChange
FN:131,onChange
FN:141,onClick
FN:171,onClick
FN:177,onClick
FN:208,onChange
FN:212,onClick
FN:230,onClick
FN:259,onCancel
FN:274,CheckoutForm
FN:279,handleSubmit
FN:297,onChange
FN:314,onChange
FN:330,onChange
FNF:22
FNH:14
FNDA:18,useLocalStorage
FNDA:9,App
FNDA:2,fetchProducts
FNDA:2,addToCart
FNDA:0,updateQty
FNDA:0,removeFromCart
FNDA:1,clearCart
FNDA:1,proceedCheckout
FNDA:0,onChange
FNDA:0,onChange
FNDA:1,onClick
FNDA:2,onClick
FNDA:0,onClick
FNDA:0,onChange
FNDA:0,onClick
FNDA:1,onClick
FNDA:0,onCancel
FNDA:28,CheckoutForm
FNDA:1,handleSubmit
FNDA:5,onChange
FNDA:17,onChange
FNDA:5,onChange
DA:6,1
DA:8,1
DA:10,18
DA:11,18
DA:12,4
DA:13,4
DA:14,4
DA:15,4
DA:16,0
DA:17,0
DA:18,18
DA:19,18
DA:20,8
DA:21,8
DA:22,8
DA:23,18
DA:24,18
DA:25,18
DA:27,9
DA:28,9
DA:29,9
DA:30,9
DA:31,9
DA:32,9
DA:33,9
DA:34,9
DA:37,9
DA:38,2
DA:39,2
DA:40,2
DA:41,2
DA:42,2
DA:43,2
DA:44,0
DA:45,0
DA:46,2
DA:47,2
DA:48,9
DA:50,9
DA:52,9
DA:53,9
DA:54,7
DA:55,7
DA:56,0
DA:57,9
DA:59,9
DA:60,2
DA:61,2
DA:62,2
DA:63,2
DA:64,1
DA:65,1
DA:66,1
DA:67,1
DA:68,1
DA:69,1
DA:70,1
DA:71,1
DA:72,1
DA:73,1
DA:74,1
DA:75,2
DA:76,2
DA:78,9
DA:79,0
DA:80,0
DA:81,0
DA:82,0
DA:84,9
DA:85,0
DA:86,0
DA:88,9
DA:89,1
DA:90,1
DA:93,9
DA:94,1
DA:95,1
DA:96,1
DA:97,1
DA:98,1
DA:99,1
DA:100,1
DA:101,1
DA:102,1
DA:104,1
DA:105,1
DA:106,1
DA:107,1
DA:108,1
DA:109,1
DA:110,1
DA:111,1
DA:112,0
DA:113,0
DA:114,0
DA:115,1
DA:117,9
DA:118,9
DA:119,9
DA:120,9
DA:121,9
DA:122,9
DA:123,9
DA:124,9
DA:125,9
DA:126,9
DA:127,9
DA:128,9
DA:129,9
DA:130,9
DA:131,9
DA:132,9
DA:134,9
DA:135,16
DA:136,16
DA:137,16
DA:138,9
DA:139,9
DA:140,9
DA:141,9
DA:142,9
DA:143,9
DA:144,9
DA:145,9
DA:146,9
DA:147,9
DA:148,9
DA:150,9
DA:151,9
DA:152,9
DA:153,9
DA:154,7
DA:155,7
DA:156,7
DA:157,7
DA:158,7
DA:159,7
DA:160,7
DA:161,7
DA:162,7
DA:163,7
DA:164,7
DA:165,7
DA:166,7
DA:167,7
DA:168,7
DA:169,7
DA:170,7
DA:171,7
DA:172,7
DA:173,7
DA:175,7
DA:176,7
DA:177,7
DA:178,7
DA:179,7
DA:181,7
DA:182,7
DA:183,7
DA:184,7
DA:185,9
DA:186,9
DA:187,9
DA:189,9
DA:190,9
DA:191,9
DA:192,9
DA:193,3
DA:195,6
DA:196,6
DA:197,6
DA:198,6
DA:199,6
DA:200,6
DA:201,6
DA:202,6
DA:203,6
DA:204,6
DA:205,6
DA:206,6
DA:207,6
DA:208,6
DA:209,6
DA:210,6
DA:211,6
DA:212,6
DA:213,6
DA:214,6
DA:216,6
DA:217,6
DA:218,6
DA:219,6
DA:221,9
DA:223,9
DA:224,6
DA:225,6
DA:226,6
DA:227,6
DA:228,6
DA:229,6
DA:230,6
DA:231,6
DA:232,6
DA:234,6
DA:235,6
DA:236,6
DA:237,6
DA:238,6
DA:240,6
DA:241,6
DA:242,6
DA:245,9
DA:246,9
DA:247,9
DA:248,9
DA:249,9
DA:252,9
DA:253,2
DA:254,2
DA:255,2
DA:256,2
DA:257,0
DA:259,2
DA:261,2
DA:262,2
DA:265,9
DA:266,9
DA:268,9
DA:269,9
DA:270,9
DA:272,9
DA:274,28
DA:275,28
DA:276,28
DA:277,28
DA:279,28
DA:280,1
DA:281,1
DA:282,1
DA:283,1
DA:285,28
DA:286,28
DA:287,28
DA:288,28
DA:289,28
DA:290,28
DA:291,28
DA:293,28
DA:294,28
DA:295,28
DA:296,28
DA:297,28
DA:298,28
DA:299,28
DA:300,28
DA:301,28
DA:303,28
DA:304,28
DA:305,28
DA:306,28
DA:307,28
DA:309,28
DA:310,28
DA:311,28
DA:312,28
DA:313,28
DA:314,28
DA:315,28
DA:316,28
DA:317,28
DA:318,28
DA:320,28
DA:321,28
DA:322,28
DA:323,28
DA:324,28
DA:326,28
DA:327,28
DA:328,28
DA:329,28
DA:330,28
DA:331,28
DA:332,28
DA:333,28
DA:334,28
DA:336,28
DA:337,28
DA:338,28
DA:339,28
DA:340,28
DA:342,28
DA:343,28
DA:344,28
DA:345,28
DA:346,28
DA:347,28
DA:349,28
DA:350,28
DA:351,28
DA:353,28
LF:300
LH:285
BRDA:10,0,0,18
BRDA:11,1,0,4
BRDA:14,2,0,2
BRDA:14,3,0,2
BRDA:15,4,0,0
BRDA:19,5,0,8
BRDA:22,6,0,0
BRDA:27,7,0,9
BRDA:192,8,0,3
BRDA:193,9,0,6
BRDA:223,10,0,6
BRDA:252,11,0,2
BRDA:256,12,0,0
BRDA:37,13,0,2
BRDA:38,14,0,2
BRDA:43,15,0,0
BRDA:50,16,0,7
BRDA:53,17,0,7
BRDA:54,18,0,0
BRDA:55,19,0,0
BRDA:59,20,0,2
BRDA:60,21,0,2
BRDA:63,22,0,1
BRDA:61,23,0,1
BRDA:63,24,0,1
BRDA:64,25,0,0
BRDA:88,26,0,1
BRDA:93,27,0,1
BRDA:102,28,0,0
BRDA:111,29,0,0
BRDA:94,30,0,1
BRDA:104,31,0,1
BRDA:134,32,0,16
BRDA:141,33,0,1
BRDA:144,34,0,6
BRDA:153,35,0,7
BRDA:171,36,0,2
BRDA:195,37,0,6
BRDA:226,38,0,6
BRDA:230,39,0,1
BRDA:274,40,0,28
BRDA:279,41,0,1
BRDA:281,42,0,0
BRDA:297,43,0,5
BRDA:314,44,0,17
BRDA:330,45,0,5
BRF:46
BRH:36
end_of_record
TN:
SF:src\main.jsx
FN:1,(empty-report)
FNF:1
FNH:0
FNDA:0,(empty-report)
DA:1,0
DA:2,0
DA:3,0
DA:4,0
DA:5,0
DA:6,0
DA:8,0
DA:9,0
DA:10,0
DA:11,0
DA:12,0
DA:13,0
DA:14,0
DA:15,0
DA:16,0
DA:17,0
LF:16
LH:0
BRDA:1,0,0,0
BRF:1
BRH:0
end_of_record
TN:
SF:src\components\OrderTable.jsx
FN:1,(empty-report)
FNF:1
FNH:1
FNDA:1,(empty-report)
LF:0
LH:0
BRDA:1,0,0,1
BRF:1
BRH:1
end_of_record
TN:
SF:src\components\ProductForm.jsx
FN:1,(empty-report)
FNF:1
FNH:1
FNDA:1,(empty-report)
LF:0
LH:0
BRDA:1,0,0,1
BRF:1
BRH:1
end_of_record
