{"C:\\Users\\HP\\Desktop\\ecommerce-ci-cd-pipeline\\backend\\src\\db.js": {"path":"C:\\Users\\HP\\Desktop\\ecommerce-ci-cd-pipeline\\backend\\src\\db.js","statementMap":{"0":{"start":{"line":1,"column":11},"end":{"line":1,"column":24}},"1":{"start":{"line":2,"column":13},"end":{"line":2,"column":28}},"2":{"start":{"line":3,"column":17},"end":{"line":3,"column":42}},"3":{"start":{"line":6,"column":16},"end":{"line":6,"column":50}},"4":{"start":{"line":7,"column":0},"end":{"line":10,"column":1}},"5":{"start":{"line":8,"column":2},"end":{"line":8,"column":45}},"6":{"start":{"line":9,"column":2},"end":{"line":9,"column":39}},"7":{"start":{"line":13,"column":15},"end":{"line":13,"column":46}},"8":{"start":{"line":14,"column":11},"end":{"line":14,"column":31}},"9":{"start":{"line":15,"column":0},"end":{"line":15,"column":51}},"10":{"start":{"line":19,"column":2},"end":{"line":26,"column":7}},"11":{"start":{"line":28,"column":2},"end":{"line":34,"column":7}},"12":{"start":{"line":37,"column":16},"end":{"line":37,"column":72}},"13":{"start":{"line":38,"column":2},"end":{"line":44,"column":3}},"14":{"start":{"line":39,"column":19},"end":{"line":39,"column":117}},"15":{"start":{"line":40,"column":4},"end":{"line":40,"column":87}},"16":{"start":{"line":41,"column":4},"end":{"line":41,"column":87}},"17":{"start":{"line":42,"column":4},"end":{"line":42,"column":105}},"18":{"start":{"line":43,"column":4},"end":{"line":43,"column":64}},"19":{"start":{"line":47,"column":0},"end":{"line":47,"column":30}}},"fnMap":{"0":{"name":"init","decl":{"start":{"line":17,"column":9},"end":{"line":17,"column":13}},"loc":{"start":{"line":17,"column":16},"end":{"line":45,"column":1}},"line":17}},"branchMap":{"0":{"loc":{"start":{"line":7,"column":0},"end":{"line":10,"column":1}},"type":"if","locations":[{"start":{"line":7,"column":0},"end":{"line":10,"column":1}},{"start":{},"end":{}}],"line":7},"1":{"loc":{"start":{"line":38,"column":2},"end":{"line":44,"column":3}},"type":"if","locations":[{"start":{"line":38,"column":2},"end":{"line":44,"column":3}},{"start":{},"end":{}}],"line":38}},"s":{"0":2,"1":2,"2":2,"3":2,"4":2,"5":0,"6":0,"7":2,"8":2,"9":2,"10":2,"11":2,"12":2,"13":2,"14":0,"15":0,"16":0,"17":0,"18":0,"19":2},"f":{"0":2},"b":{"0":[0,2],"1":[0,2]},"_coverageSchema":"1a1c01bbd47fc00a2c39e90264f33305004495a9","hash":"75e059fb8053c75e44755d622548d9ed54d59148"}
,"C:\\Users\\HP\\Desktop\\ecommerce-ci-cd-pipeline\\backend\\src\\index.js": {"path":"C:\\Users\\HP\\Desktop\\ecommerce-ci-cd-pipeline\\backend\\src\\index.js","statementMap":{"0":{"start":{"line":1,"column":16},"end":{"line":1,"column":34}},"1":{"start":{"line":2,"column":13},"end":{"line":2,"column":28}},"2":{"start":{"line":3,"column":17},"end":{"line":3,"column":32}},"3":{"start":{"line":5,"column":23},"end":{"line":5,"column":58}},"4":{"start":{"line":6,"column":21},"end":{"line":6,"column":54}},"5":{"start":{"line":8,"column":12},"end":{"line":8,"column":21}},"6":{"start":{"line":11,"column":0},"end":{"line":15,"column":4}},"7":{"start":{"line":17,"column":0},"end":{"line":17,"column":24}},"8":{"start":{"line":20,"column":0},"end":{"line":26,"column":1}},"9":{"start":{"line":21,"column":2},"end":{"line":21,"column":9}},"10":{"start":{"line":22,"column":2},"end":{"line":22,"column":60}},"11":{"start":{"line":24,"column":2},"end":{"line":24,"column":63}},"12":{"start":{"line":25,"column":2},"end":{"line":25,"column":18}},"13":{"start":{"line":29,"column":0},"end":{"line":29,"column":41}},"14":{"start":{"line":30,"column":0},"end":{"line":30,"column":37}},"15":{"start":{"line":33,"column":0},"end":{"line":33,"column":75}},"16":{"start":{"line":33,"column":27},"end":{"line":33,"column":73}},"17":{"start":{"line":34,"column":0},"end":{"line":34,"column":63}},"18":{"start":{"line":34,"column":35},"end":{"line":34,"column":61}},"19":{"start":{"line":37,"column":0},"end":{"line":42,"column":1}},"20":{"start":{"line":38,"column":15},"end":{"line":38,"column":39}},"21":{"start":{"line":39,"column":2},"end":{"line":41,"column":5}},"22":{"start":{"line":40,"column":4},"end":{"line":40,"column":68}},"23":{"start":{"line":44,"column":0},"end":{"line":44,"column":21}}},"fnMap":{"0":{"name":"(anonymous_0)","decl":{"start":{"line":33,"column":13},"end":{"line":33,"column":14}},"loc":{"start":{"line":33,"column":27},"end":{"line":33,"column":73}},"line":33},"1":{"name":"(anonymous_1)","decl":{"start":{"line":34,"column":21},"end":{"line":34,"column":22}},"loc":{"start":{"line":34,"column":35},"end":{"line":34,"column":61}},"line":34},"2":{"name":"(anonymous_2)","decl":{"start":{"line":39,"column":30},"end":{"line":39,"column":31}},"loc":{"start":{"line":39,"column":36},"end":{"line":41,"column":3}},"line":39}},"branchMap":{"0":{"loc":{"start":{"line":37,"column":0},"end":{"line":42,"column":1}},"type":"if","locations":[{"start":{"line":37,"column":0},"end":{"line":42,"column":1}},{"start":{},"end":{}}],"line":37},"1":{"loc":{"start":{"line":38,"column":15},"end":{"line":38,"column":39}},"type":"binary-expr","locations":[{"start":{"line":38,"column":15},"end":{"line":38,"column":31}},{"start":{"line":38,"column":35},"end":{"line":38,"column":39}}],"line":38}},"s":{"0":2,"1":2,"2":2,"3":2,"4":2,"5":2,"6":2,"7":2,"8":2,"9":2,"10":2,"11":0,"12":0,"13":2,"14":2,"15":2,"16":0,"17":2,"18":0,"19":2,"20":0,"21":0,"22":0,"23":2},"f":{"0":0,"1":0,"2":0},"b":{"0":[0,2],"1":[0,0]},"_coverageSchema":"1a1c01bbd47fc00a2c39e90264f33305004495a9","hash":"11fe019d24401770d5da29b22c4ac82a11c191f3"}
,"C:\\Users\\HP\\Desktop\\ecommerce-ci-cd-pipeline\\backend\\src\\routes\\orders.routes.js": {"path":"C:\\Users\\HP\\Desktop\\ecommerce-ci-cd-pipeline\\backend\\src\\routes\\orders.routes.js","statementMap":{"0":{"start":{"line":1,"column":16},"end":{"line":1,"column":34}},"1":{"start":{"line":2,"column":15},"end":{"line":2,"column":31}},"2":{"start":{"line":3,"column":15},"end":{"line":3,"column":31}},"3":{"start":{"line":6,"column":0},"end":{"line":38,"column":3}},"4":{"start":{"line":7,"column":37},"end":{"line":7,"column":45}},"5":{"start":{"line":10,"column":2},"end":{"line":12,"column":3}},"6":{"start":{"line":11,"column":4},"end":{"line":11,"column":77}},"7":{"start":{"line":14,"column":2},"end":{"line":16,"column":3}},"8":{"start":{"line":15,"column":4},"end":{"line":15,"column":77}},"9":{"start":{"line":18,"column":2},"end":{"line":20,"column":3}},"10":{"start":{"line":19,"column":4},"end":{"line":19,"column":61}},"11":{"start":{"line":22,"column":2},"end":{"line":37,"column":3}},"12":{"start":{"line":23,"column":17},"end":{"line":25,"column":5}},"13":{"start":{"line":26,"column":17},"end":{"line":31,"column":5}},"14":{"start":{"line":33,"column":4},"end":{"line":33,"column":94}},"15":{"start":{"line":35,"column":4},"end":{"line":35,"column":50}},"16":{"start":{"line":36,"column":4},"end":{"line":36,"column":54}},"17":{"start":{"line":41,"column":0},"end":{"line":49,"column":3}},"18":{"start":{"line":42,"column":2},"end":{"line":48,"column":3}},"19":{"start":{"line":43,"column":17},"end":{"line":43,"column":74}},"20":{"start":{"line":44,"column":4},"end":{"line":44,"column":31}},"21":{"start":{"line":46,"column":4},"end":{"line":46,"column":58}},"22":{"start":{"line":47,"column":4},"end":{"line":47,"column":54}},"23":{"start":{"line":51,"column":0},"end":{"line":51,"column":24}}},"fnMap":{"0":{"name":"(anonymous_0)","decl":{"start":{"line":6,"column":17},"end":{"line":6,"column":18}},"loc":{"start":{"line":6,"column":31},"end":{"line":38,"column":1}},"line":6},"1":{"name":"(anonymous_1)","decl":{"start":{"line":41,"column":16},"end":{"line":41,"column":17}},"loc":{"start":{"line":41,"column":30},"end":{"line":49,"column":1}},"line":41}},"branchMap":{"0":{"loc":{"start":{"line":10,"column":2},"end":{"line":12,"column":3}},"type":"if","locations":[{"start":{"line":10,"column":2},"end":{"line":12,"column":3}},{"start":{},"end":{}}],"line":10},"1":{"loc":{"start":{"line":10,"column":6},"end":{"line":10,"column":52}},"type":"binary-expr","locations":[{"start":{"line":10,"column":6},"end":{"line":10,"column":15}},{"start":{"line":10,"column":19},"end":{"line":10,"column":33}},{"start":{"line":10,"column":37},"end":{"line":10,"column":52}}],"line":10},"2":{"loc":{"start":{"line":14,"column":2},"end":{"line":16,"column":3}},"type":"if","locations":[{"start":{"line":14,"column":2},"end":{"line":16,"column":3}},{"start":{},"end":{}}],"line":14},"3":{"loc":{"start":{"line":14,"column":6},"end":{"line":14,"column":49}},"type":"binary-expr","locations":[{"start":{"line":14,"column":6},"end":{"line":14,"column":27}},{"start":{"line":14,"column":31},"end":{"line":14,"column":49}}],"line":14},"4":{"loc":{"start":{"line":18,"column":2},"end":{"line":20,"column":3}},"type":"if","locations":[{"start":{"line":18,"column":2},"end":{"line":20,"column":3}},{"start":{},"end":{}}],"line":18},"5":{"loc":{"start":{"line":18,"column":6},"end":{"line":18,"column":45}},"type":"binary-expr","locations":[{"start":{"line":18,"column":6},"end":{"line":18,"column":31}},{"start":{"line":18,"column":35},"end":{"line":18,"column":45}}],"line":18}},"s":{"0":2,"1":2,"2":2,"3":2,"4":4,"5":4,"6":1,"7":3,"8":0,"9":3,"10":1,"11":2,"12":2,"13":2,"14":2,"15":0,"16":0,"17":2,"18":1,"19":1,"20":1,"21":0,"22":0,"23":2},"f":{"0":4,"1":1},"b":{"0":[1,3],"1":[4,3,3],"2":[0,3],"3":[3,3],"4":[1,2],"5":[3,3]},"_coverageSchema":"1a1c01bbd47fc00a2c39e90264f33305004495a9","hash":"dea67aa9e26524125eda7ae6a17736c4f760acfa"}
,"C:\\Users\\HP\\Desktop\\ecommerce-ci-cd-pipeline\\backend\\src\\routes\\products.routes.js": {"path":"C:\\Users\\HP\\Desktop\\ecommerce-ci-cd-pipeline\\backend\\src\\routes\\products.routes.js","statementMap":{"0":{"start":{"line":1,"column":16},"end":{"line":1,"column":34}},"1":{"start":{"line":2,"column":15},"end":{"line":2,"column":31}},"2":{"start":{"line":3,"column":15},"end":{"line":3,"column":31}},"3":{"start":{"line":6,"column":0},"end":{"line":14,"column":3}},"4":{"start":{"line":7,"column":2},"end":{"line":13,"column":3}},"5":{"start":{"line":8,"column":17},"end":{"line":8,"column":59}},"6":{"start":{"line":9,"column":4},"end":{"line":9,"column":31}},"7":{"start":{"line":11,"column":4},"end":{"line":11,"column":52}},"8":{"start":{"line":12,"column":4},"end":{"line":12,"column":54}},"9":{"start":{"line":17,"column":0},"end":{"line":26,"column":3}},"10":{"start":{"line":18,"column":2},"end":{"line":25,"column":3}},"11":{"start":{"line":19,"column":16},"end":{"line":19,"column":82}},"12":{"start":{"line":20,"column":4},"end":{"line":20,"column":75}},"13":{"start":{"line":20,"column":14},"end":{"line":20,"column":75}},"14":{"start":{"line":21,"column":4},"end":{"line":21,"column":30}},"15":{"start":{"line":23,"column":4},"end":{"line":23,"column":51}},"16":{"start":{"line":24,"column":4},"end":{"line":24,"column":54}},"17":{"start":{"line":29,"column":0},"end":{"line":53,"column":3}},"18":{"start":{"line":30,"column":57},"end":{"line":30,"column":65}},"19":{"start":{"line":33,"column":2},"end":{"line":35,"column":3}},"20":{"start":{"line":34,"column":4},"end":{"line":34,"column":95}},"21":{"start":{"line":36,"column":2},"end":{"line":38,"column":3}},"22":{"start":{"line":37,"column":4},"end":{"line":37,"column":82}},"23":{"start":{"line":39,"column":2},"end":{"line":41,"column":3}},"24":{"start":{"line":40,"column":4},"end":{"line":40,"column":80}},"25":{"start":{"line":43,"column":2},"end":{"line":52,"column":3}},"26":{"start":{"line":44,"column":17},"end":{"line":46,"column":5}},"27":{"start":{"line":47,"column":17},"end":{"line":47,"column":80}},"28":{"start":{"line":48,"column":4},"end":{"line":48,"column":82}},"29":{"start":{"line":50,"column":4},"end":{"line":50,"column":49}},"30":{"start":{"line":51,"column":4},"end":{"line":51,"column":54}},"31":{"start":{"line":56,"column":0},"end":{"line":74,"column":3}},"32":{"start":{"line":57,"column":57},"end":{"line":57,"column":65}},"33":{"start":{"line":59,"column":2},"end":{"line":61,"column":3}},"34":{"start":{"line":60,"column":4},"end":{"line":60,"column":87}},"35":{"start":{"line":63,"column":2},"end":{"line":73,"column":3}},"36":{"start":{"line":64,"column":17},"end":{"line":66,"column":5}},"37":{"start":{"line":67,"column":19},"end":{"line":67,"column":97}},"38":{"start":{"line":68,"column":4},"end":{"line":68,"column":92}},"39":{"start":{"line":68,"column":30},"end":{"line":68,"column":92}},"40":{"start":{"line":69,"column":4},"end":{"line":69,"column":60}},"41":{"start":{"line":71,"column":4},"end":{"line":71,"column":56}},"42":{"start":{"line":72,"column":4},"end":{"line":72,"column":54}},"43":{"start":{"line":77,"column":0},"end":{"line":86,"column":3}},"44":{"start":{"line":78,"column":2},"end":{"line":85,"column":3}},"45":{"start":{"line":79,"column":19},"end":{"line":79,"column":83}},"46":{"start":{"line":80,"column":4},"end":{"line":80,"column":92}},"47":{"start":{"line":80,"column":30},"end":{"line":80,"column":92}},"48":{"start":{"line":81,"column":4},"end":{"line":81,"column":58}},"49":{"start":{"line":83,"column":4},"end":{"line":83,"column":55}},"50":{"start":{"line":84,"column":4},"end":{"line":84,"column":54}},"51":{"start":{"line":88,"column":0},"end":{"line":88,"column":24}}},"fnMap":{"0":{"name":"(anonymous_0)","decl":{"start":{"line":6,"column":16},"end":{"line":6,"column":17}},"loc":{"start":{"line":6,"column":30},"end":{"line":14,"column":1}},"line":6},"1":{"name":"(anonymous_1)","decl":{"start":{"line":17,"column":19},"end":{"line":17,"column":20}},"loc":{"start":{"line":17,"column":33},"end":{"line":26,"column":1}},"line":17},"2":{"name":"(anonymous_2)","decl":{"start":{"line":29,"column":17},"end":{"line":29,"column":18}},"loc":{"start":{"line":29,"column":31},"end":{"line":53,"column":1}},"line":29},"3":{"name":"(anonymous_3)","decl":{"start":{"line":56,"column":19},"end":{"line":56,"column":20}},"loc":{"start":{"line":56,"column":33},"end":{"line":74,"column":1}},"line":56},"4":{"name":"(anonymous_4)","decl":{"start":{"line":77,"column":22},"end":{"line":77,"column":23}},"loc":{"start":{"line":77,"column":36},"end":{"line":86,"column":1}},"line":77}},"branchMap":{"0":{"loc":{"start":{"line":20,"column":4},"end":{"line":20,"column":75}},"type":"if","locations":[{"start":{"line":20,"column":4},"end":{"line":20,"column":75}},{"start":{},"end":{}}],"line":20},"1":{"loc":{"start":{"line":33,"column":2},"end":{"line":35,"column":3}},"type":"if","locations":[{"start":{"line":33,"column":2},"end":{"line":35,"column":3}},{"start":{},"end":{}}],"line":33},"2":{"loc":{"start":{"line":33,"column":6},"end":{"line":33,"column":42}},"type":"binary-expr","locations":[{"start":{"line":33,"column":6},"end":{"line":33,"column":12}},{"start":{"line":33,"column":16},"end":{"line":33,"column":25}},{"start":{"line":33,"column":29},"end":{"line":33,"column":42}}],"line":33},"3":{"loc":{"start":{"line":36,"column":2},"end":{"line":38,"column":3}},"type":"if","locations":[{"start":{"line":36,"column":2},"end":{"line":38,"column":3}},{"start":{},"end":{}}],"line":36},"4":{"loc":{"start":{"line":36,"column":6},"end":{"line":36,"column":45}},"type":"binary-expr","locations":[{"start":{"line":36,"column":6},"end":{"line":36,"column":31}},{"start":{"line":36,"column":35},"end":{"line":36,"column":45}}],"line":36},"5":{"loc":{"start":{"line":39,"column":2},"end":{"line":41,"column":3}},"type":"if","locations":[{"start":{"line":39,"column":2},"end":{"line":41,"column":3}},{"start":{},"end":{}}],"line":39},"6":{"loc":{"start":{"line":39,"column":6},"end":{"line":39,"column":32}},"type":"binary-expr","locations":[{"start":{"line":39,"column":6},"end":{"line":39,"column":19}},{"start":{"line":39,"column":23},"end":{"line":39,"column":32}}],"line":39},"7":{"loc":{"start":{"line":47,"column":50},"end":{"line":47,"column":60}},"type":"binary-expr","locations":[{"start":{"line":47,"column":50},"end":{"line":47,"column":55}},{"start":{"line":47,"column":59},"end":{"line":47,"column":60}}],"line":47},"8":{"loc":{"start":{"line":47,"column":62},"end":{"line":47,"column":79}},"type":"binary-expr","locations":[{"start":{"line":47,"column":62},"end":{"line":47,"column":73}},{"start":{"line":47,"column":77},"end":{"line":47,"column":79}}],"line":47},"9":{"loc":{"start":{"line":59,"column":2},"end":{"line":61,"column":3}},"type":"if","locations":[{"start":{"line":59,"column":2},"end":{"line":61,"column":3}},{"start":{},"end":{}}],"line":59},"10":{"loc":{"start":{"line":59,"column":6},"end":{"line":59,"column":42}},"type":"binary-expr","locations":[{"start":{"line":59,"column":6},"end":{"line":59,"column":12}},{"start":{"line":59,"column":16},"end":{"line":59,"column":25}},{"start":{"line":59,"column":29},"end":{"line":59,"column":42}}],"line":59},"11":{"loc":{"start":{"line":67,"column":52},"end":{"line":67,"column":62}},"type":"binary-expr","locations":[{"start":{"line":67,"column":52},"end":{"line":67,"column":57}},{"start":{"line":67,"column":61},"end":{"line":67,"column":62}}],"line":67},"12":{"loc":{"start":{"line":67,"column":64},"end":{"line":67,"column":81}},"type":"binary-expr","locations":[{"start":{"line":67,"column":64},"end":{"line":67,"column":75}},{"start":{"line":67,"column":79},"end":{"line":67,"column":81}}],"line":67},"13":{"loc":{"start":{"line":68,"column":4},"end":{"line":68,"column":92}},"type":"if","locations":[{"start":{"line":68,"column":4},"end":{"line":68,"column":92}},{"start":{},"end":{}}],"line":68},"14":{"loc":{"start":{"line":80,"column":4},"end":{"line":80,"column":92}},"type":"if","locations":[{"start":{"line":80,"column":4},"end":{"line":80,"column":92}},{"start":{},"end":{}}],"line":80}},"s":{"0":2,"1":2,"2":2,"3":2,"4":1,"5":1,"6":1,"7":0,"8":0,"9":2,"10":2,"11":2,"12":2,"13":1,"14":1,"15":0,"16":0,"17":2,"18":5,"19":5,"20":1,"21":4,"22":0,"23":4,"24":0,"25":4,"26":4,"27":4,"28":4,"29":0,"30":0,"31":2,"32":1,"33":1,"34":0,"35":1,"36":1,"37":1,"38":1,"39":0,"40":1,"41":0,"42":0,"43":2,"44":1,"45":1,"46":1,"47":0,"48":1,"49":0,"50":0,"51":2},"f":{"0":1,"1":2,"2":5,"3":1,"4":1},"b":{"0":[1,1],"1":[1,4],"2":[5,4,4],"3":[0,4],"4":[4,4],"5":[0,4],"6":[4,4],"7":[4,0],"8":[4,0],"9":[0,1],"10":[1,1,1],"11":[1,0],"12":[1,0],"13":[0,1],"14":[0,1]},"_coverageSchema":"1a1c01bbd47fc00a2c39e90264f33305004495a9","hash":"9dfc05d805e4fcd2e4df093926c23905028d6a57"}
}
