TN:
SF:src\db.js
FN:17,init
FNF:1
FNH:1
FNDA:2,init
DA:1,2
DA:2,2
DA:3,2
DA:6,2
DA:7,2
DA:8,0
DA:9,0
DA:13,2
DA:14,2
DA:15,2
DA:19,2
DA:28,2
DA:37,2
DA:38,2
DA:39,2
DA:40,2
DA:41,2
DA:42,2
DA:43,2
DA:47,2
LF:20
LH:18
BRDA:7,0,0,0
BRDA:7,0,1,2
BRDA:38,1,0,2
BRDA:38,1,1,0
BRF:4
BRH:2
end_of_record
TN:
SF:src\index.js
FN:33,(anonymous_0)
FN:34,(anonymous_1)
FN:39,(anonymous_2)
FNF:3
FNH:0
FNDA:0,(anonymous_0)
FNDA:0,(anonymous_1)
FNDA:0,(anonymous_2)
DA:1,2
DA:2,2
DA:3,2
DA:5,2
DA:6,2
DA:8,2
DA:11,2
DA:17,2
DA:20,2
DA:21,2
DA:22,2
DA:24,0
DA:25,0
DA:29,2
DA:30,2
DA:33,2
DA:34,2
DA:37,2
DA:38,0
DA:39,0
DA:40,0
DA:44,2
LF:22
LH:17
BRDA:37,0,0,0
BRDA:37,0,1,2
BRDA:38,1,0,0
BRDA:38,1,1,0
BRF:4
BRH:1
end_of_record
TN:
SF:src\routes\orders.routes.js
FN:6,(anonymous_0)
FN:41,(anonymous_1)
FNF:2
FNH:2
FNDA:4,(anonymous_0)
FNDA:1,(anonymous_1)
DA:1,2
DA:2,2
DA:3,2
DA:6,2
DA:7,4
DA:10,4
DA:11,1
DA:14,3
DA:15,0
DA:18,3
DA:19,1
DA:22,2
DA:23,2
DA:26,2
DA:33,2
DA:35,0
DA:36,0
DA:41,2
DA:42,1
DA:43,1
DA:44,1
DA:46,0
DA:47,0
DA:51,2
LF:24
LH:19
BRDA:10,0,0,1
BRDA:10,0,1,3
BRDA:10,1,0,4
BRDA:10,1,1,3
BRDA:10,1,2,3
BRDA:14,2,0,0
BRDA:14,2,1,3
BRDA:14,3,0,3
BRDA:14,3,1,3
BRDA:18,4,0,1
BRDA:18,4,1,2
BRDA:18,5,0,3
BRDA:18,5,1,3
BRF:13
BRH:12
end_of_record
TN:
SF:src\routes\products.routes.js
FN:6,(anonymous_0)
FN:17,(anonymous_1)
FN:29,(anonymous_2)
FN:56,(anonymous_3)
FN:77,(anonymous_4)
FNF:5
FNH:5
FNDA:1,(anonymous_0)
FNDA:2,(anonymous_1)
FNDA:5,(anonymous_2)
FNDA:1,(anonymous_3)
FNDA:1,(anonymous_4)
DA:1,2
DA:2,2
DA:3,2
DA:6,2
DA:7,1
DA:8,1
DA:9,1
DA:11,0
DA:12,0
DA:17,2
DA:18,2
DA:19,2
DA:20,2
DA:21,1
DA:23,0
DA:24,0
DA:29,2
DA:30,5
DA:33,5
DA:34,1
DA:36,4
DA:37,0
DA:39,4
DA:40,0
DA:43,4
DA:44,4
DA:47,4
DA:48,4
DA:50,0
DA:51,0
DA:56,2
DA:57,1
DA:59,1
DA:60,0
DA:63,1
DA:64,1
DA:67,1
DA:68,1
DA:69,1
DA:71,0
DA:72,0
DA:77,2
DA:78,1
DA:79,1
DA:80,1
DA:81,1
DA:83,0
DA:84,0
DA:88,2
LF:49
LH:36
BRDA:20,0,0,1
BRDA:20,0,1,1
BRDA:33,1,0,1
BRDA:33,1,1,4
BRDA:33,2,0,5
BRDA:33,2,1,4
BRDA:33,2,2,4
BRDA:36,3,0,0
BRDA:36,3,1,4
BRDA:36,4,0,4
BRDA:36,4,1,4
BRDA:39,5,0,0
BRDA:39,5,1,4
BRDA:39,6,0,4
BRDA:39,6,1,4
BRDA:47,7,0,4
BRDA:47,7,1,0
BRDA:47,8,0,4
BRDA:47,8,1,0
BRDA:59,9,0,0
BRDA:59,9,1,1
BRDA:59,10,0,1
BRDA:59,10,1,1
BRDA:59,10,2,1
BRDA:67,11,0,1
BRDA:67,11,1,0
BRDA:67,12,0,1
BRDA:67,12,1,0
BRDA:68,13,0,0
BRDA:68,13,1,1
BRDA:80,14,0,0
BRDA:80,14,1,1
BRF:32
BRH:23
end_of_record
